0 info it worked if it ends with ok
1 verbose cli [ '/usr/bin/node',
1 verbose cli   '/usr/bin/npm',
1 verbose cli   'install',
1 verbose cli   '-g',
1 verbose cli   'angular-cli@webpack' ]
2 info using npm@3.10.10
3 info using node@v6.11.4
4 silly loadCurrentTree Starting
5 silly install loadCurrentTree
6 silly install readGlobalPackageData
7 silly fetchPackageMetaData angular-cli@webpack
8 silly fetchNamedPackageData angular-cli
9 silly mapToRegistry name angular-cli
10 silly mapToRegistry using default registry
11 silly mapToRegistry registry https://registry.npmjs.org/
12 silly mapToRegistry data Result {
12 silly mapToRegistry   raw: 'angular-cli',
12 silly mapToRegistry   scope: null,
12 silly mapToRegistry   escapedName: 'angular-cli',
12 silly mapToRegistry   name: 'angular-cli',
12 silly mapToRegistry   rawSpec: '',
12 silly mapToRegistry   spec: 'latest',
12 silly mapToRegistry   type: 'tag' }
13 silly mapToRegistry uri https://registry.npmjs.org/angular-cli
14 verbose request uri https://registry.npmjs.org/angular-cli
15 verbose request no auth needed
16 info attempt registry request try #1 at 5:16:29 PM
17 verbose request id 6f56855b9d7ff795
18 http request GET https://registry.npmjs.org/angular-cli
19 http 200 https://registry.npmjs.org/angular-cli
20 verbose headers { 'content-type': 'application/json; charset=UTF-8',
20 verbose headers   server: 'UploadServer',
20 verbose headers   'cache-control': 'max-age=300',
20 verbose headers   'last-modified': 'Mon, 27 Nov 2017 5:34:55 GMT',
20 verbose headers   etag: '"5a1ba3ff-3fde2"',
20 verbose headers   'content-encoding': 'gzip',
20 verbose headers   'content-length': '21668',
20 verbose headers   'accept-ranges': 'bytes',
20 verbose headers   date: 'Thu, 14 Dec 2017 11:46:30 GMT',
20 verbose headers   via: '1.1 varnish',
20 verbose headers   age: '4971',
20 verbose headers   connection: 'keep-alive',
20 verbose headers   'x-served-by': 'cache-sin18021-SIN',
20 verbose headers   'x-cache': 'HIT',
20 verbose headers   'x-cache-hits': '2',
20 verbose headers   'x-timer': 'S1513251990.223013,VS0,VE0',
20 verbose headers   vary: 'Accept-Encoding, Accept' }
21 silly get cb [ 200,
21 silly get   { 'content-type': 'application/json; charset=UTF-8',
21 silly get     server: 'UploadServer',
21 silly get     'cache-control': 'max-age=300',
21 silly get     'last-modified': 'Mon, 27 Nov 2017 5:34:55 GMT',
21 silly get     etag: '"5a1ba3ff-3fde2"',
21 silly get     'content-encoding': 'gzip',
21 silly get     'content-length': '21668',
21 silly get     'accept-ranges': 'bytes',
21 silly get     date: 'Thu, 14 Dec 2017 11:46:30 GMT',
21 silly get     via: '1.1 varnish',
21 silly get     age: '4971',
21 silly get     connection: 'keep-alive',
21 silly get     'x-served-by': 'cache-sin18021-SIN',
21 silly get     'x-cache': 'HIT',
21 silly get     'x-cache-hits': '2',
21 silly get     'x-timer': 'S1513251990.223013,VS0,VE0',
21 silly get     vary: 'Accept-Encoding, Accept' } ]
22 verbose get saving angular-cli to /home/user/.npm/registry.npmjs.org/angular-cli/.cache.json
23 verbose correctMkdir /home/user/.npm correctMkdir not in flight; initializing
24 silly fetchPackageMetaData Error: No compatible version found: angular-cli@webpack
24 silly fetchPackageMetaData Valid install targets:
24 silly fetchPackageMetaData 1.0.0-beta.22-1, 1.0.0-beta.20-4, 1.0.0-beta.20-3, 1.0.0-beta.20-2, 1.0.0-beta.20-1, 1.0.0-beta.2-mobile.4, 1.0.0-beta.2-mobile.3, 1.0.0-beta.2-mobile.2, 1.0.0-beta.2-mobile.1, 1.0.0-beta.2-mobile, 1.0.0-beta.19-3, 1.0.0-beta.12-1, 1.0.0-beta.11-webpack.9-4, 1.0.0-beta.11-webpack.9-3, 1.0.0-beta.11-webpack.9-2, 1.0.0-beta.11-webpack.9-1, 1.0.0-beta.11-webpack.9, 1.0.0-beta.11-webpack.8, 1.0.0-beta.11-webpack.7, 1.0.0-beta.11-webpack.6, 1.0.0-beta.11-webpack.5, 1.0.0-beta.11-webpack.4, 1.0.0-beta.11-webpack.3, 1.0.0-beta.11-webpack.2, 1.0.0-beta.11-webpack, 1.0.0-beta.28.3, 1.0.0-beta.28.2, 1.0.0-beta.28, 1.0.0-beta.27, 1.0.0-beta.26, 1.0.0-beta.25.5, 1.0.0-beta.25.4, 1.0.0-beta.25.3, 1.0.0-beta.25.2, 1.0.0-beta.25, 1.0.0-beta.24, 1.0.0-beta.22, 1.0.0-beta.21, 1.0.0-beta.18, 1.0.0-beta.17, 1.0.0-beta.16, 1.0.0-beta.15, 1.0.0-beta.14, 1.0.0-beta.12, 1.0.0-beta.10, 1.0.0-beta.9, 1.0.0-beta.8, 1.0.0-beta.6, 1.0.0-beta.5, 1.0.0-beta.4, 1.0.0-beta.1, 1.0.0-beta.0, 0.1.0, 0.0.39, 0.0.37, 0.0.34, 0.0.33, 0.0.31, 0.0.30, 0.0.29, 0.0.28, 0.0.27, 0.0.26, 0.0.25, 0.0.24, 0.0.23, 0.0.22, 0.0.20, 0.0.19, 0.0.18, 0.0.17, 0.0.16, 0.0.15, 0.0.14, 0.0.13, 0.0.12, 0.0.11, 0.0.10, 0.0.9, 0.0.8, 0.0.7, 0.0.6, 0.0.5, 0.0.4, 0.0.3, 0.0.2, 0.0.1, 0.0.0
24 silly fetchPackageMetaData
24 silly fetchPackageMetaData     at pickVersionFromRegistryDocument (/usr/lib/node_modules/npm/lib/fetch-package-metadata.js:178:16)
24 silly fetchPackageMetaData     at /usr/lib/node_modules/npm/node_modules/iferr/index.js:13:50
24 silly fetchPackageMetaData     at /usr/lib/node_modules/npm/lib/utils/pulse-till-done.js:20:8
24 silly fetchPackageMetaData     at saved (/usr/lib/node_modules/npm/lib/cache/caching-client.js:174:7)
24 silly fetchPackageMetaData     at /usr/lib/node_modules/npm/node_modules/graceful-fs/polyfills.js:241:18
24 silly fetchPackageMetaData     at FSReqWrap.oncomplete (fs.js:123:15)
24 silly fetchPackageMetaData  error for angular-cli@webpack { Error: No compatible version found: angular-cli@webpack
24 silly fetchPackageMetaData Valid install targets:
24 silly fetchPackageMetaData 1.0.0-beta.22-1, 1.0.0-beta.20-4, 1.0.0-beta.20-3, 1.0.0-beta.20-2, 1.0.0-beta.20-1, 1.0.0-beta.2-mobile.4, 1.0.0-beta.2-mobile.3, 1.0.0-beta.2-mobile.2, 1.0.0-beta.2-mobile.1, 1.0.0-beta.2-mobile, 1.0.0-beta.19-3, 1.0.0-beta.12-1, 1.0.0-beta.11-webpack.9-4, 1.0.0-beta.11-webpack.9-3, 1.0.0-beta.11-webpack.9-2, 1.0.0-beta.11-webpack.9-1, 1.0.0-beta.11-webpack.9, 1.0.0-beta.11-webpack.8, 1.0.0-beta.11-webpack.7, 1.0.0-beta.11-webpack.6, 1.0.0-beta.11-webpack.5, 1.0.0-beta.11-webpack.4, 1.0.0-beta.11-webpack.3, 1.0.0-beta.11-webpack.2, 1.0.0-beta.11-webpack, 1.0.0-beta.28.3, 1.0.0-beta.28.2, 1.0.0-beta.28, 1.0.0-beta.27, 1.0.0-beta.26, 1.0.0-beta.25.5, 1.0.0-beta.25.4, 1.0.0-beta.25.3, 1.0.0-beta.25.2, 1.0.0-beta.25, 1.0.0-beta.24, 1.0.0-beta.22, 1.0.0-beta.21, 1.0.0-beta.18, 1.0.0-beta.17, 1.0.0-beta.16, 1.0.0-beta.15, 1.0.0-beta.14, 1.0.0-beta.12, 1.0.0-beta.10, 1.0.0-beta.9, 1.0.0-beta.8, 1.0.0-beta.6, 1.0.0-beta.5, 1.0.0-beta.4, 1.0.0-beta.1, 1.0.0-beta.0, 0.1.0, 0.0.39, 0.0.37, 0.0.34, 0.0.33, 0.0.31, 0.0.30, 0.0.29, 0.0.28, 0.0.27, 0.0.26, 0.0.25, 0.0.24, 0.0.23, 0.0.22, 0.0.20, 0.0.19, 0.0.18, 0.0.17, 0.0.16, 0.0.15, 0.0.14, 0.0.13, 0.0.12, 0.0.11, 0.0.10, 0.0.9, 0.0.8, 0.0.7, 0.0.6, 0.0.5, 0.0.4, 0.0.3, 0.0.2, 0.0.1, 0.0.0
24 silly fetchPackageMetaData
24 silly fetchPackageMetaData     at pickVersionFromRegistryDocument (/usr/lib/node_modules/npm/lib/fetch-package-metadata.js:178:16)
24 silly fetchPackageMetaData     at /usr/lib/node_modules/npm/node_modules/iferr/index.js:13:50
24 silly fetchPackageMetaData     at /usr/lib/node_modules/npm/lib/utils/pulse-till-done.js:20:8
24 silly fetchPackageMetaData     at saved (/usr/lib/node_modules/npm/lib/cache/caching-client.js:174:7)
24 silly fetchPackageMetaData     at /usr/lib/node_modules/npm/node_modules/graceful-fs/polyfills.js:241:18
24 silly fetchPackageMetaData     at FSReqWrap.oncomplete (fs.js:123:15) code: 'ETARGET' }
25 silly rollbackFailedOptional Starting
26 silly rollbackFailedOptional Finishing
27 silly runTopLevelLifecycles Finishing
28 silly install printInstalled
29 verbose stack Error: No compatible version found: angular-cli@webpack
29 verbose stack Valid install targets:
29 verbose stack 1.0.0-beta.22-1, 1.0.0-beta.20-4, 1.0.0-beta.20-3, 1.0.0-beta.20-2, 1.0.0-beta.20-1, 1.0.0-beta.2-mobile.4, 1.0.0-beta.2-mobile.3, 1.0.0-beta.2-mobile.2, 1.0.0-beta.2-mobile.1, 1.0.0-beta.2-mobile, 1.0.0-beta.19-3, 1.0.0-beta.12-1, 1.0.0-beta.11-webpack.9-4, 1.0.0-beta.11-webpack.9-3, 1.0.0-beta.11-webpack.9-2, 1.0.0-beta.11-webpack.9-1, 1.0.0-beta.11-webpack.9, 1.0.0-beta.11-webpack.8, 1.0.0-beta.11-webpack.7, 1.0.0-beta.11-webpack.6, 1.0.0-beta.11-webpack.5, 1.0.0-beta.11-webpack.4, 1.0.0-beta.11-webpack.3, 1.0.0-beta.11-webpack.2, 1.0.0-beta.11-webpack, 1.0.0-beta.28.3, 1.0.0-beta.28.2, 1.0.0-beta.28, 1.0.0-beta.27, 1.0.0-beta.26, 1.0.0-beta.25.5, 1.0.0-beta.25.4, 1.0.0-beta.25.3, 1.0.0-beta.25.2, 1.0.0-beta.25, 1.0.0-beta.24, 1.0.0-beta.22, 1.0.0-beta.21, 1.0.0-beta.18, 1.0.0-beta.17, 1.0.0-beta.16, 1.0.0-beta.15, 1.0.0-beta.14, 1.0.0-beta.12, 1.0.0-beta.10, 1.0.0-beta.9, 1.0.0-beta.8, 1.0.0-beta.6, 1.0.0-beta.5, 1.0.0-beta.4, 1.0.0-beta.1, 1.0.0-beta.0, 0.1.0, 0.0.39, 0.0.37, 0.0.34, 0.0.33, 0.0.31, 0.0.30, 0.0.29, 0.0.28, 0.0.27, 0.0.26, 0.0.25, 0.0.24, 0.0.23, 0.0.22, 0.0.20, 0.0.19, 0.0.18, 0.0.17, 0.0.16, 0.0.15, 0.0.14, 0.0.13, 0.0.12, 0.0.11, 0.0.10, 0.0.9, 0.0.8, 0.0.7, 0.0.6, 0.0.5, 0.0.4, 0.0.3, 0.0.2, 0.0.1, 0.0.0
29 verbose stack
29 verbose stack     at pickVersionFromRegistryDocument (/usr/lib/node_modules/npm/lib/fetch-package-metadata.js:178:16)
29 verbose stack     at /usr/lib/node_modules/npm/node_modules/iferr/index.js:13:50
29 verbose stack     at /usr/lib/node_modules/npm/lib/utils/pulse-till-done.js:20:8
29 verbose stack     at saved (/usr/lib/node_modules/npm/lib/cache/caching-client.js:174:7)
29 verbose stack     at /usr/lib/node_modules/npm/node_modules/graceful-fs/polyfills.js:241:18
29 verbose stack     at FSReqWrap.oncomplete (fs.js:123:15)
30 verbose cwd /home/user/Documents/redux-basics
31 error Linux 4.10.0-42-generic
32 error argv "/usr/bin/node" "/usr/bin/npm" "install" "-g" "angular-cli@webpack"
33 error node v6.11.4
34 error npm  v3.10.10
35 error code ETARGET
36 error notarget No compatible version found: angular-cli@webpack
36 error notarget Valid install targets:
36 error notarget 1.0.0-beta.22-1, 1.0.0-beta.20-4, 1.0.0-beta.20-3, 1.0.0-beta.20-2, 1.0.0-beta.20-1, 1.0.0-beta.2-mobile.4, 1.0.0-beta.2-mobile.3, 1.0.0-beta.2-mobile.2, 1.0.0-beta.2-mobile.1, 1.0.0-beta.2-mobile, 1.0.0-beta.19-3, 1.0.0-beta.12-1, 1.0.0-beta.11-webpack.9-4, 1.0.0-beta.11-webpack.9-3, 1.0.0-beta.11-webpack.9-2, 1.0.0-beta.11-webpack.9-1, 1.0.0-beta.11-webpack.9, 1.0.0-beta.11-webpack.8, 1.0.0-beta.11-webpack.7, 1.0.0-beta.11-webpack.6, 1.0.0-beta.11-webpack.5, 1.0.0-beta.11-webpack.4, 1.0.0-beta.11-webpack.3, 1.0.0-beta.11-webpack.2, 1.0.0-beta.11-webpack, 1.0.0-beta.28.3, 1.0.0-beta.28.2, 1.0.0-beta.28, 1.0.0-beta.27, 1.0.0-beta.26, 1.0.0-beta.25.5, 1.0.0-beta.25.4, 1.0.0-beta.25.3, 1.0.0-beta.25.2, 1.0.0-beta.25, 1.0.0-beta.24, 1.0.0-beta.22, 1.0.0-beta.21, 1.0.0-beta.18, 1.0.0-beta.17, 1.0.0-beta.16, 1.0.0-beta.15, 1.0.0-beta.14, 1.0.0-beta.12, 1.0.0-beta.10, 1.0.0-beta.9, 1.0.0-beta.8, 1.0.0-beta.6, 1.0.0-beta.5, 1.0.0-beta.4, 1.0.0-beta.1, 1.0.0-beta.0, 0.1.0, 0.0.39, 0.0.37, 0.0.34, 0.0.33, 0.0.31, 0.0.30, 0.0.29, 0.0.28, 0.0.27, 0.0.26, 0.0.25, 0.0.24, 0.0.23, 0.0.22, 0.0.20, 0.0.19, 0.0.18, 0.0.17, 0.0.16, 0.0.15, 0.0.14, 0.0.13, 0.0.12, 0.0.11, 0.0.10, 0.0.9, 0.0.8, 0.0.7, 0.0.6, 0.0.5, 0.0.4, 0.0.3, 0.0.2, 0.0.1, 0.0.0
37 error notarget This is most likely not a problem with npm itself.
37 error notarget In most cases you or one of your dependencies are requesting
37 error notarget a package version that doesn't exist.
38 verbose exit [ 1, true ]
